android/app/build/intermediates/manifest_merge_blame_file/debug/processDebugMainManifest/manifest-merger-blame-debug-report.txt
1<?xml version="1.0" encoding="utf-8"?>
2<manifest xmlns:android="http://schemas.android.com/apk/res/android"
3    package="com.tokkah.kin"
4    android:versionCode="4"
5    android:versionName="0.113.0-android.4" >
6
7    <uses-sdk
8        android:minSdkVersion="29"
9        android:targetSdkVersion="35" />
10
11    <uses-permission android:name="android.permission.INTERNET" />
11-->src/main/AndroidManifest.xml:3:5-67
11-->src/main/AndroidManifest.xml:3:22-64
12    <uses-permission android:name="android.permission.RECORD_AUDIO" />
12-->src/main/AndroidManifest.xml:4:5-71
12-->src/main/AndroidManifest.xml:4:22-68
13    <uses-permission android:name="android.permission.CAMERA" />
13-->src/main/AndroidManifest.xml:5:5-65
13-->src/main/AndroidManifest.xml:5:22-62
14
15    <uses-feature
15-->src/main/AndroidManifest.xml:6:5-85
16        android:name="android.hardware.camera"
16-->src/main/AndroidManifest.xml:6:19-57
17        android:required="false" />
17-->src/main/AndroidManifest.xml:6:58-82
18
19    <uses-permission android:name="android.permission.MODIFY_AUDIO_SETTINGS" />
19-->src/main/AndroidManifest.xml:7:5-80
19-->src/main/AndroidManifest.xml:7:22-77
20    <uses-permission android:name="android.permission.ACCESS_NETWORK_STATE" />
20-->src/main/AndroidManifest.xml:8:5-79
20-->src/main/AndroidManifest.xml:8:22-76
21    <uses-permission android:name="android.permission.FOREGROUND_SERVICE" />
21-->src/main/AndroidManifest.xml:9:5-77
21-->src/main/AndroidManifest.xml:9:22-74
22    <uses-permission android:name="android.permission.FOREGROUND_SERVICE_DATA_SYNC" />
22-->src/main/AndroidManifest.xml:10:5-87
22-->src/main/AndroidManifest.xml:10:22-84
23    <uses-permission android:name="android.permission.POST_NOTIFICATIONS" />
23-->src/main/AndroidManifest.xml:11:5-77
23-->src/main/AndroidManifest.xml:11:22-74
24    <!--
25         The card, not a line in a list: the same promise the Mac's window
26         makes when it comes up above every other app.
27    -->
28    <uses-permission android:name="android.permission.USE_FULL_SCREEN_INTENT" />
28-->src/main/AndroidManifest.xml:14:5-81
28-->src/main/AndroidManifest.xml:14:22-78
29    <uses-permission android:name="android.permission.RECEIVE_BOOT_COMPLETED" />
29-->src/main/AndroidManifest.xml:15:5-81
29-->src/main/AndroidManifest.xml:15:22-78
30
31    <permission
31-->[androidx.core:core:1.13.1] AndroidManifest.xml:22:5-24:47
32        android:name="com.tokkah.kin.DYNAMIC_RECEIVER_NOT_EXPORTED_PERMISSION"
32-->[androidx.core:core:1.13.1] AndroidManifest.xml:23:9-81
33        android:protectionLevel="signature" />
33-->[androidx.core:core:1.13.1] AndroidManifest.xml:24:9-44
34
35    <uses-permission android:name="com.tokkah.kin.DYNAMIC_RECEIVER_NOT_EXPORTED_PERMISSION" />
35-->[androidx.core:core:1.13.1] AndroidManifest.xml:26:5-97
35-->[androidx.core:core:1.13.1] AndroidManifest.xml:26:22-94
36
37    <application
37-->src/main/AndroidManifest.xml:16:5-41:19
38        android:appComponentFactory="androidx.core.app.CoreComponentFactory"
38-->[androidx.core:core:1.13.1] AndroidManifest.xml:28:18-86
39        android:debuggable="true"
40        android:extractNativeLibs="false"
41        android:label="Kin"
41-->src/main/AndroidManifest.xml:16:18-37
42        android:supportsRtl="true"
42-->src/main/AndroidManifest.xml:17:9-35
43        android:theme="@android:style/Theme.Material.NoActionBar" >
43-->src/main/AndroidManifest.xml:17:36-93
44        <activity
44-->src/main/AndroidManifest.xml:18:9-36:20
45            android:name="com.tokkah.kin.MainActivity"
45-->src/main/AndroidManifest.xml:18:19-47
46            android:exported="true" >
46-->src/main/AndroidManifest.xml:18:48-71
47            <intent-filter>
47-->src/main/AndroidManifest.xml:19:13-22:29
48                <action android:name="android.intent.action.MAIN" />
48-->src/main/AndroidManifest.xml:20:17-69
48-->src/main/AndroidManifest.xml:20:25-66
49
50                <category android:name="android.intent.category.LAUNCHER" />
50-->src/main/AndroidManifest.xml:21:17-77
50-->src/main/AndroidManifest.xml:21:27-74
51            </intent-filter>
52            <intent-filter>
52-->src/main/AndroidManifest.xml:23:13-29:29
53                <action android:name="android.intent.action.VIEW" />
53-->src/main/AndroidManifest.xml:24:17-69
53-->src/main/AndroidManifest.xml:24:25-66
54
55                <category android:name="android.intent.category.DEFAULT" />
55-->src/main/AndroidManifest.xml:25:17-76
55-->src/main/AndroidManifest.xml:25:27-73
56                <category android:name="android.intent.category.BROWSABLE" />
56-->src/main/AndroidManifest.xml:26:17-78
56-->src/main/AndroidManifest.xml:26:27-75
57
58                <data android:scheme="tokkah" />
58-->src/main/AndroidManifest.xml:27:17-49
58-->src/main/AndroidManifest.xml:27:23-46
59                <data android:scheme="kin" />
59-->src/main/AndroidManifest.xml:27:17-49
59-->src/main/AndroidManifest.xml:27:23-46
60            </intent-filter>
61            <intent-filter>
61-->src/main/AndroidManifest.xml:30:13-35:29
62                <action android:name="android.intent.action.VIEW" />
62-->src/main/AndroidManifest.xml:24:17-69
62-->src/main/AndroidManifest.xml:24:25-66
63
64                <category android:name="android.intent.category.DEFAULT" />
64-->src/main/AndroidManifest.xml:25:17-76
64-->src/main/AndroidManifest.xml:25:27-73
65                <category android:name="android.intent.category.BROWSABLE" />
65-->src/main/AndroidManifest.xml:26:17-78
65-->src/main/AndroidManifest.xml:26:27-75
66
67                <data
67-->src/main/AndroidManifest.xml:27:17-49
68                    android:host="kin.tokkah.com"
68-->src/main/AndroidManifest.xml:34:46-75
69                    android:scheme="https" />
69-->src/main/AndroidManifest.xml:27:23-46
70            </intent-filter>
71        </activity>
72
73        <service
73-->src/main/AndroidManifest.xml:37:9-40:56
74            android:name="com.tokkah.kin.RingService"
74-->src/main/AndroidManifest.xml:38:13-40
75            android:exported="false"
75-->src/main/AndroidManifest.xml:39:13-37
76            android:foregroundServiceType="dataSync" />
76-->src/main/AndroidManifest.xml:40:13-53
77
78        <provider
78-->[androidx.emoji2:emoji2:1.3.0] AndroidManifest.xml:24:9-32:20
79            android:name="androidx.startup.InitializationProvider"
79-->[androidx.emoji2:emoji2:1.3.0] AndroidManifest.xml:25:13-67
80            android:authorities="com.tokkah.kin.androidx-startup"
80-->[androidx.emoji2:emoji2:1.3.0] AndroidManifest.xml:26:13-68
81            android:exported="false" >
81-->[androidx.emoji2:emoji2:1.3.0] AndroidManifest.xml:27:13-37
82            <meta-data
82-->[androidx.emoji2:emoji2:1.3.0] AndroidManifest.xml:29:13-31:52
83                android:name="androidx.emoji2.text.EmojiCompatInitializer"
83-->[androidx.emoji2:emoji2:1.3.0] AndroidManifest.xml:30:17-75
84                android:value="androidx.startup" />
84-->[androidx.emoji2:emoji2:1.3.0] AndroidManifest.xml:31:17-49
85            <meta-data
85-->[androidx.lifecycle:lifecycle-process:2.8.3] AndroidManifest.xml:29:13-31:52
86                android:name="androidx.lifecycle.ProcessLifecycleInitializer"
86-->[androidx.lifecycle:lifecycle-process:2.8.3] AndroidManifest.xml:30:17-78
87                android:value="androidx.startup" />
87-->[androidx.lifecycle:lifecycle-process:2.8.3] AndroidManifest.xml:31:17-49
88            <meta-data
88-->[androidx.profileinstaller:profileinstaller:1.3.1] AndroidManifest.xml:29:13-31:52
89                android:name="androidx.profileinstaller.ProfileInstallerInitializer"
89-->[androidx.profileinstaller:profileinstaller:1.3.1] AndroidManifest.xml:30:17-85
90                android:value="androidx.startup" />
90-->[androidx.profileinstaller:profileinstaller:1.3.1] AndroidManifest.xml:31:17-49
91        </provider>
92
93        <receiver
93-->[androidx.profileinstaller:profileinstaller:1.3.1] AndroidManifest.xml:34:9-52:20
94            android:name="androidx.profileinstaller.ProfileInstallReceiver"
94-->[androidx.profileinstaller:profileinstaller:1.3.1] AndroidManifest.xml:35:13-76
95            android:directBootAware="false"
95-->[androidx.profileinstaller:profileinstaller:1.3.1] AndroidManifest.xml:36:13-44
96            android:enabled="true"
96-->[androidx.profileinstaller:profileinstaller:1.3.1] AndroidManifest.xml:37:13-35
97            android:exported="true"
97-->[androidx.profileinstaller:profileinstaller:1.3.1] AndroidManifest.xml:38:13-36
98            android:permission="android.permission.DUMP" >
98-->[androidx.profileinstaller:profileinstaller:1.3.1] AndroidManifest.xml:39:13-57
99            <intent-filter>
99-->[androidx.profileinstaller:profileinstaller:1.3.1] AndroidManifest.xml:40:13-42:29
100                <action android:name="androidx.profileinstaller.action.INSTALL_PROFILE" />
100-->[androidx.profileinstaller:profileinstaller:1.3.1] AndroidManifest.xml:41:17-91
100-->[androidx.profileinstaller:profileinstaller:1.3.1] AndroidManifest.xml:41:25-88
101            </intent-filter>
102            <intent-filter>
102-->[androidx.profileinstaller:profileinstaller:1.3.1] AndroidManifest.xml:43:13-45:29
103                <action android:name="androidx.profileinstaller.action.SKIP_FILE" />
103-->[androidx.profileinstaller:profileinstaller:1.3.1] AndroidManifest.xml:44:17-85
103-->[androidx.profileinstaller:profileinstaller:1.3.1] AndroidManifest.xml:44:25-82
104            </intent-filter>
105            <intent-filter>
105-->[androidx.profileinstaller:profileinstaller:1.3.1] AndroidManifest.xml:46:13-48:29
106                <action android:name="androidx.profileinstaller.action.SAVE_PROFILE" />
106-->[androidx.profileinstaller:profileinstaller:1.3.1] AndroidManifest.xml:47:17-88
106-->[androidx.profileinstaller:profileinstaller:1.3.1] AndroidManifest.xml:47:25-85
107            </intent-filter>
108            <intent-filter>
108-->[androidx.profileinstaller:profileinstaller:1.3.1] AndroidManifest.xml:49:13-51:29
109                <action android:name="androidx.profileinstaller.action.BENCHMARK_OPERATION" />
109-->[androidx.profileinstaller:profileinstaller:1.3.1] AndroidManifest.xml:50:17-95
109-->[androidx.profileinstaller:profileinstaller:1.3.1] AndroidManifest.xml:50:25-92
110            </intent-filter>
111        </receiver>
112    </application>
113
114</manifest>